<?xml version="1.0" encoding="UTF-8"?>
<!-- Generated by org.testng.reporters.JUnitXMLReporter -->
<testsuite ignored="0" hostname="DESKTOP-J9JQ713" failures="0" tests="4" name="Default test" time="32.478" errors="0" timestamp="2022-10-10T00:01:49 AST">
  <testcase classname="com.testNG.concepts.DataProviderDemo" name="loginTest" time="8.681"/>
  <testcase classname="com.testNG.concepts.DataProviderDemo" name="loginTest" time="6.381"/>
  <testcase classname="com.testNG.concepts.DataProviderDemo" name="loginTest" time="5.684"/>
  <testcase classname="com.testNG.concepts.DataProviderDemo" name="loginTest" time="10.279"/>
</testsuite> <!-- Default test -->
