<?xml version="1.0" encoding="UTF-8"?>
<!-- Generated by org.testng.reporters.JUnitXMLReporter -->
<testsuite ignored="0" hostname="DESKTOP-J9JQ713" failures="0" tests="3" name="Test" time="17.309" errors="0" timestamp="2022-10-09T23:38:37 AST">
  <testcase classname="com.testNG.concepts.ParallelTesting" name="testLogo" time="9.662"/>
  <testcase classname="com.testNG.concepts.ParallelTesting2" name="testLogin" time="12.81"/>
  <testcase classname="com.testNG.concepts.ParallelTesting" name="testTitle" time="6.131"/>
</testsuite> <!-- Test -->
