<?xml version="1.0" encoding="UTF-8"?>
<testng-results ignored="0" total="4" passed="4" failed="0" skipped="0">
  <reporter-output>
  </reporter-output>
  <suite started-at="2022-10-10T00:01:16 AST" name="Default suite" finished-at="2022-10-10T00:01:49 AST" duration-ms="32478">
    <groups>
    </groups>
    <test started-at="2022-10-10T00:01:16 AST" name="Default test" finished-at="2022-10-10T00:01:49 AST" duration-ms="32478">
      <class name="com.testNG.concepts.DataProviderDemo">
        <test-method signature="loginTest(java.lang.String,java.lang.String)[pri:0, instance:com.testNG.concepts.DataProviderDemo@6f1de4c7]" started-at="2022-10-10T00:01:17 AST" name="loginTest" data-provider="givedata" finished-at="2022-10-10T00:01:25 AST" duration-ms="8681" status="PASS">
          <params>
            <param index="0">
              <value>
                <![CDATA[syed@gmail.com]]>
              </value>
            </param>
            <param index="1">
              <value>
                <![CDATA[1234]]>
              </value>
            </param>
          </params>
          <reporter-output>
          </reporter-output>
        </test-method> <!-- loginTest -->
        <test-method is-config="true" signature="tearDown()[pri:0, instance:com.testNG.concepts.DataProviderDemo@6f1de4c7]" started-at="2022-10-10T00:01:25 AST" name="tearDown" finished-at="2022-10-10T00:01:26 AST" duration-ms="384" status="PASS">
          <reporter-output>
          </reporter-output>
        </test-method> <!-- tearDown -->
        <test-method signature="loginTest(java.lang.String,java.lang.String)[pri:0, instance:com.testNG.concepts.DataProviderDemo@6f1de4c7]" started-at="2022-10-10T00:01:26 AST" name="loginTest" data-provider="givedata" finished-at="2022-10-10T00:01:32 AST" duration-ms="6381" status="PASS">
          <params>
            <param index="0">
              <value>
                <![CDATA[naseer@gmail.com]]>
              </value>
            </param>
            <param index="1">
              <value>
                <![CDATA[2345]]>
              </value>
            </param>
          </params>
          <reporter-output>
          </reporter-output>
        </test-method> <!-- loginTest -->
        <test-method is-config="true" signature="tearDown()[pri:0, instance:com.testNG.concepts.DataProviderDemo@6f1de4c7]" started-at="2022-10-10T00:01:32 AST" name="tearDown" finished-at="2022-10-10T00:01:32 AST" duration-ms="348" status="PASS">
          <reporter-output>
          </reporter-output>
        </test-method> <!-- tearDown -->
        <test-method signature="loginTest(java.lang.String,java.lang.String)[pri:0, instance:com.testNG.concepts.DataProviderDemo@6f1de4c7]" started-at="2022-10-10T00:01:32 AST" name="loginTest" data-provider="givedata" finished-at="2022-10-10T00:01:38 AST" duration-ms="5684" status="PASS">
          <params>
            <param index="0">
              <value>
                <![CDATA[john@gmail.com]]>
              </value>
            </param>
            <param index="1">
              <value>
                <![CDATA[9876]]>
              </value>
            </param>
          </params>
          <reporter-output>
          </reporter-output>
        </test-method> <!-- loginTest -->
        <test-method is-config="true" signature="tearDown()[pri:0, instance:com.testNG.concepts.DataProviderDemo@6f1de4c7]" started-at="2022-10-10T00:01:38 AST" name="tearDown" finished-at="2022-10-10T00:01:38 AST" duration-ms="320" status="PASS">
          <reporter-output>
          </reporter-output>
        </test-method> <!-- tearDown -->
        <test-method signature="loginTest(java.lang.String,java.lang.String)[pri:0, instance:com.testNG.concepts.DataProviderDemo@6f1de4c7]" started-at="2022-10-10T00:01:38 AST" name="loginTest" data-provider="givedata" finished-at="2022-10-10T00:01:49 AST" duration-ms="10279" status="PASS">
          <params>
            <param index="0">
              <value>
                <![CDATA[Admin]]>
              </value>
            </param>
            <param index="1">
              <value>
                <![CDATA[admin123]]>
              </value>
            </param>
          </params>
          <reporter-output>
          </reporter-output>
        </test-method> <!-- loginTest -->
        <test-method is-config="true" signature="tearDown()[pri:0, instance:com.testNG.concepts.DataProviderDemo@6f1de4c7]" started-at="2022-10-10T00:01:49 AST" name="tearDown" finished-at="2022-10-10T00:01:49 AST" duration-ms="321" status="PASS">
          <reporter-output>
          </reporter-output>
        </test-method> <!-- tearDown -->
      </class> <!-- com.testNG.concepts.DataProviderDemo -->
    </test> <!-- Default test -->
  </suite> <!-- Default suite -->
</testng-results>
